"2025-01-08 13:35:40 [restartedMain] INFO  c.a.d.SpringBootMicroservice2Application - Starting SpringBootMicroservice2Application using Java 14.0.2 on LAPTOP-DVQ4P7BL with PID 20492 (D:\STS_workspace\SpringBootMicroservice-Client\target\classes started by anjup in D:\STS_workspace\SpringBootMicroservice-Client)
""2025-01-08 13:35:40 [restartedMain] INFO  c.a.d.SpringBootMicroservice2Application - No active profile set, falling back to 1 default profile: "default"
""2025-01-08 13:35:41 [restartedMain] INFO  o.s.b.w.e.tomcat.TomcatWebServer - Tomcat initialized with port(s): 9057 (http)
""2025-01-08 13:35:41 [restartedMain] INFO  o.a.catalina.core.StandardService - Starting service [Tomcat]
""2025-01-08 13:35:41 [restartedMain] INFO  o.a.catalina.core.StandardEngine - Starting Servlet engine: [Apache Tomcat/9.0.65]
""2025-01-08 13:35:41 [restartedMain] INFO  o.a.c.c.C.[Tomcat].[localhost].[/] - Initializing Spring embedded WebApplicationContext
""2025-01-08 13:35:41 [restartedMain] INFO  o.s.b.w.s.c.ServletWebServerApplicationContext - Root WebApplicationContext: initialization completed in 325 ms
""2025-01-08 13:35:41 [restartedMain] ERROR i.g.i.ManagedChannelOrphanWrapper - *~*~*~ Channel ManagedChannelImpl{logId=1, target=localhost:9058} was not shutdown properly!!! ~*~*~*
    Make sure to call shutdown()/shutdownNow() and wait until awaitTermination() returns true.
"java.lang.RuntimeException: ManagedChannel allocation site
	at io.grpc.internal.ManagedChannelOrphanWrapper$ManagedChannelReference.<init>(ManagedChannelOrphanWrapper.java:103) ~[grpc-core-1.15.1.jar:1.15.1]
	at io.grpc.internal.ManagedChannelOrphanWrapper.<init>(ManagedChannelOrphanWrapper.java:53) ~[grpc-core-1.15.1.jar:1.15.1]
	at io.grpc.internal.ManagedChannelOrphanWrapper.<init>(ManagedChannelOrphanWrapper.java:44) ~[grpc-core-1.15.1.jar:1.15.1]
	at io.grpc.internal.AbstractManagedChannelImplBuilder.build(AbstractManagedChannelImplBuilder.java:410) ~[grpc-core-1.15.1.jar:1.15.1]
	at com.anju.demo.controller.GrpcControllerMicroClient.<init>(GrpcControllerMicroClient.java:40) ~[classes/:na]
	at java.base/jdk.internal.reflect.NativeConstructorAccessorImpl.newInstance0(Native Method) ~[na:na]
	at java.base/jdk.internal.reflect.NativeConstructorAccessorImpl.newInstance(NativeConstructorAccessorImpl.java:62) ~[na:na]
	at java.base/jdk.internal.reflect.DelegatingConstructorAccessorImpl.newInstance(DelegatingConstructorAccessorImpl.java:45) ~[na:na]
	at java.base/java.lang.reflect.Constructor.newInstanceWithCaller(Constructor.java:500) ~[na:na]
	at java.base/java.lang.reflect.Constructor.newInstance(Constructor.java:481) ~[na:na]
	at org.springframework.beans.BeanUtils.instantiateClass(BeanUtils.java:211) ~[spring-beans-5.3.22.jar:5.3.22]
	at org.springframework.beans.factory.support.SimpleInstantiationStrategy.instantiate(SimpleInstantiationStrategy.java:87) ~[spring-beans-5.3.22.jar:5.3.22]
	at org.springframework.beans.factory.support.AbstractAutowireCapableBeanFactory.instantiateBean(AbstractAutowireCapableBeanFactory.java:1326) ~[spring-beans-5.3.22.jar:5.3.22]
	at org.springframework.beans.factory.support.AbstractAutowireCapableBeanFactory.createBeanInstance(AbstractAutowireCapableBeanFactory.java:1232) ~[spring-beans-5.3.22.jar:5.3.22]
	at org.springframework.beans.factory.support.AbstractAutowireCapableBeanFactory.doCreateBean(AbstractAutowireCapableBeanFactory.java:582) ~[spring-beans-5.3.22.jar:5.3.22]
	at org.springframework.beans.factory.support.AbstractAutowireCapableBeanFactory.createBean(AbstractAutowireCapableBeanFactory.java:542) ~[spring-beans-5.3.22.jar:5.3.22]
	at org.springframework.beans.factory.support.AbstractBeanFactory.lambda$doGetBean$0(AbstractBeanFactory.java:335) ~[spring-beans-5.3.22.jar:5.3.22]
	at org.springframework.beans.factory.support.DefaultSingletonBeanRegistry.getSingleton(DefaultSingletonBeanRegistry.java:234) ~[spring-beans-5.3.22.jar:5.3.22]
	at org.springframework.beans.factory.support.AbstractBeanFactory.doGetBean(AbstractBeanFactory.java:333) ~[spring-beans-5.3.22.jar:5.3.22]
	at org.springframework.beans.factory.support.AbstractBeanFactory.getBean(AbstractBeanFactory.java:208) ~[spring-beans-5.3.22.jar:5.3.22]
	at org.springframework.beans.factory.support.DefaultListableBeanFactory.preInstantiateSingletons(DefaultListableBeanFactory.java:955) ~[spring-beans-5.3.22.jar:5.3.22]
	at org.springframework.context.support.AbstractApplicationContext.finishBeanFactoryInitialization(AbstractApplicationContext.java:918) ~[spring-context-5.3.22.jar:5.3.22]
	at org.springframework.context.support.AbstractApplicationContext.refresh(AbstractApplicationContext.java:583) ~[spring-context-5.3.22.jar:5.3.22]
	at org.springframework.boot.web.servlet.context.ServletWebServerApplicationContext.refresh(ServletWebServerApplicationContext.java:147) ~[spring-boot-2.7.3.jar:2.7.3]
	at org.springframework.boot.SpringApplication.refresh(SpringApplication.java:734) ~[spring-boot-2.7.3.jar:2.7.3]
	at org.springframework.boot.SpringApplication.refreshContext(SpringApplication.java:408) ~[spring-boot-2.7.3.jar:2.7.3]
	at org.springframework.boot.SpringApplication.run(SpringApplication.java:308) ~[spring-boot-2.7.3.jar:2.7.3]
	at org.springframework.boot.SpringApplication.run(SpringApplication.java:1306) ~[spring-boot-2.7.3.jar:2.7.3]
	at org.springframework.boot.SpringApplication.run(SpringApplication.java:1295) ~[spring-boot-2.7.3.jar:2.7.3]
	at com.anju.demo.SpringBootMicroservice2Application.main(SpringBootMicroservice2Application.java:11) ~[classes/:na]
	at java.base/jdk.internal.reflect.NativeMethodAccessorImpl.invoke0(Native Method) ~[na:na]
	at java.base/jdk.internal.reflect.NativeMethodAccessorImpl.invoke(NativeMethodAccessorImpl.java:62) ~[na:na]
	at java.base/jdk.internal.reflect.DelegatingMethodAccessorImpl.invoke(DelegatingMethodAccessorImpl.java:43) ~[na:na]
	at java.base/java.lang.reflect.Method.invoke(Method.java:564) ~[na:na]
	at org.springframework.boot.devtools.restart.RestartLauncher.run(RestartLauncher.java:49) ~[spring-boot-devtools-2.7.3.jar:2.7.3]
"2025-01-08 13:35:41 [restartedMain] WARN  o.s.b.d.a.OptionalLiveReloadServer - Unable to start LiveReload server
""2025-01-08 13:35:41 [restartedMain] INFO  o.s.b.w.e.tomcat.TomcatWebServer - Tomcat started on port(s): 9057 (http) with context path ''
""2025-01-08 13:35:41 [restartedMain] INFO  c.a.d.SpringBootMicroservice2Application - Started SpringBootMicroservice2Application in 0.539 seconds (JVM running for 271.71)
""2025-01-08 13:35:41 [restartedMain] INFO  o.s.b.d.a.ConditionEvaluationDeltaLoggingListener - Condition evaluation unchanged
""2025-01-08 13:35:46 [http-nio-9057-exec-2] INFO  o.a.c.c.C.[Tomcat].[localhost].[/] - Initializing Spring DispatcherServlet 'dispatcherServlet'
""2025-01-08 13:35:46 [http-nio-9057-exec-2] INFO  o.s.web.servlet.DispatcherServlet - Initializing Servlet 'dispatcherServlet'
""2025-01-08 13:35:46 [http-nio-9057-exec-2] INFO  o.s.web.servlet.DispatcherServlet - Completed initialization in 1 ms
""2025-01-08 13:35:46 [http-nio-9057-exec-2] INFO  c.a.d.c.GrpcControllerMicroClient - All Employee detail requested
""2025-01-08 15:32:02 [RMI TCP Connection(125)-127.0.0.1] INFO  o.s.b.a.SpringApplicationAdminMXBeanRegistrar$SpringApplicationAdmin - Application shutdown requested.
""2025-01-08 15:32:02 [RMI TCP Connection(125)-127.0.0.1] INFO  o.a.catalina.core.StandardService - Stopping service [Tomcat]
""2025-01-08 15:32:02 [RMI TCP Connection(125)-127.0.0.1] INFO  o.a.c.c.C.[Tomcat].[localhost].[/] - Destroying Spring FrameworkServlet 'dispatcherServlet'
""2025-01-08 15:32:02 [RMI TCP Connection(125)-127.0.0.1] WARN  o.a.c.loader.WebappClassLoaderBase - The web application [ROOT] appears to have started a thread named [grpc-default-worker-ELG-1-3] but has failed to stop it. This is very likely to create a memory leak. Stack trace of thread:
 java.base@14.0.2/sun.nio.ch.WindowsSelectorImpl$SubSelector.poll0(Native Method)
 java.base@14.0.2/sun.nio.ch.WindowsSelectorImpl$SubSelector.poll(WindowsSelectorImpl.java:357)
 java.base@14.0.2/sun.nio.ch.WindowsSelectorImpl.doSelect(WindowsSelectorImpl.java:182)
 java.base@14.0.2/sun.nio.ch.SelectorImpl.lockAndDoSelect(SelectorImpl.java:129)
 java.base@14.0.2/sun.nio.ch.SelectorImpl.select(SelectorImpl.java:141)
 app//io.grpc.netty.shaded.io.netty.channel.nio.NioEventLoop.select(NioEventLoop.java:755)
 app//io.grpc.netty.shaded.io.netty.channel.nio.NioEventLoop.run(NioEventLoop.java:410)
 app//io.grpc.netty.shaded.io.netty.util.concurrent.SingleThreadEventExecutor$5.run(SingleThreadEventExecutor.java:884)
 app//io.grpc.netty.shaded.io.netty.util.concurrent.FastThreadLocalRunnable.run(FastThreadLocalRunnable.java:30)
 java.base@14.0.2/java.lang.Thread.run(Thread.java:832)
""2025-01-08 15:32:02 [RMI TCP Connection(125)-127.0.0.1] WARN  o.a.c.loader.WebappClassLoaderBase - The web application [ROOT] appears to have started a thread named [grpc-default-worker-ELG-1-4] but has failed to stop it. This is very likely to create a memory leak. Stack trace of thread:
 java.base@14.0.2/sun.nio.ch.WindowsSelectorImpl$SubSelector.poll0(Native Method)
 java.base@14.0.2/sun.nio.ch.WindowsSelectorImpl$SubSelector.poll(WindowsSelectorImpl.java:357)
 java.base@14.0.2/sun.nio.ch.WindowsSelectorImpl.doSelect(WindowsSelectorImpl.java:182)
 java.base@14.0.2/sun.nio.ch.SelectorImpl.lockAndDoSelect(SelectorImpl.java:129)
 java.base@14.0.2/sun.nio.ch.SelectorImpl.select(SelectorImpl.java:141)
 app//io.grpc.netty.shaded.io.netty.channel.nio.NioEventLoop.select(NioEventLoop.java:755)
 app//io.grpc.netty.shaded.io.netty.channel.nio.NioEventLoop.run(NioEventLoop.java:410)
 app//io.grpc.netty.shaded.io.netty.util.concurrent.SingleThreadEventExecutor$5.run(SingleThreadEventExecutor.java:884)
 app//io.grpc.netty.shaded.io.netty.util.concurrent.FastThreadLocalRunnable.run(FastThreadLocalRunnable.java:30)
 java.base@14.0.2/java.lang.Thread.run(Thread.java:832)
""2025-01-08 15:32:02 [RMI TCP Connection(125)-127.0.0.1] WARN  o.a.c.loader.WebappClassLoaderBase - The web application [ROOT] appears to have started a thread named [grpc-default-worker-ELG-1-7] but has failed to stop it. This is very likely to create a memory leak. Stack trace of thread:
 java.base@14.0.2/sun.nio.ch.WindowsSelectorImpl$SubSelector.poll0(Native Method)
 java.base@14.0.2/sun.nio.ch.WindowsSelectorImpl$SubSelector.poll(WindowsSelectorImpl.java:357)
 java.base@14.0.2/sun.nio.ch.WindowsSelectorImpl.doSelect(WindowsSelectorImpl.java:182)
 java.base@14.0.2/sun.nio.ch.SelectorImpl.lockAndDoSelect(SelectorImpl.java:129)
 java.base@14.0.2/sun.nio.ch.SelectorImpl.select(SelectorImpl.java:141)
 app//io.grpc.netty.shaded.io.netty.channel.nio.NioEventLoop.select(NioEventLoop.java:755)
 app//io.grpc.netty.shaded.io.netty.channel.nio.NioEventLoop.run(NioEventLoop.java:410)
 app//io.grpc.netty.shaded.io.netty.util.concurrent.SingleThreadEventExecutor$5.run(SingleThreadEventExecutor.java:884)
 app//io.grpc.netty.shaded.io.netty.util.concurrent.FastThreadLocalRunnable.run(FastThreadLocalRunnable.java:30)
 java.base@14.0.2/java.lang.Thread.run(Thread.java:832)
""2025-01-08 15:32:02 [RMI TCP Connection(125)-127.0.0.1] WARN  o.a.c.loader.WebappClassLoaderBase - The web application [ROOT] appears to have started a thread named [grpc-default-worker-ELG-1-8] but has failed to stop it. This is very likely to create a memory leak. Stack trace of thread:
 java.base@14.0.2/sun.nio.ch.WindowsSelectorImpl$SubSelector.poll0(Native Method)
 java.base@14.0.2/sun.nio.ch.WindowsSelectorImpl$SubSelector.poll(WindowsSelectorImpl.java:357)
 java.base@14.0.2/sun.nio.ch.WindowsSelectorImpl.doSelect(WindowsSelectorImpl.java:182)
 java.base@14.0.2/sun.nio.ch.SelectorImpl.lockAndDoSelect(SelectorImpl.java:129)
 java.base@14.0.2/sun.nio.ch.SelectorImpl.select(SelectorImpl.java:141)
 app//io.grpc.netty.shaded.io.netty.channel.nio.NioEventLoop.select(NioEventLoop.java:755)
 app//io.grpc.netty.shaded.io.netty.channel.nio.NioEventLoop.run(NioEventLoop.java:410)
 app//io.grpc.netty.shaded.io.netty.util.concurrent.SingleThreadEventExecutor$5.run(SingleThreadEventExecutor.java:884)
 app//io.grpc.netty.shaded.io.netty.util.concurrent.FastThreadLocalRunnable.run(FastThreadLocalRunnable.java:30)
 java.base@14.0.2/java.lang.Thread.run(Thread.java:832)
""2025-01-08 16:07:24 [restartedMain] INFO  c.a.d.SpringBootMicroservice2Application - Starting SpringBootMicroservice2Application using Java 14.0.2 on LAPTOP-DVQ4P7BL with PID 20488 (D:\STS_workspace\SpringBootMicroservice-Client\target\classes started by anjup in D:\STS_workspace\SpringBootMicroservice-Client)
""2025-01-08 16:07:24 [restartedMain] INFO  c.a.d.SpringBootMicroservice2Application - No active profile set, falling back to 1 default profile: "default"
""2025-01-08 16:07:25 [restartedMain] INFO  o.s.b.d.restart.ChangeableUrls - The Class-Path manifest attribute in C:\Users\anjup\.m2\repository\io\grpc\grpc-netty-shaded\1.15.1\grpc-netty-shaded-1.15.1.jar referenced one or more files that do not exist: file:/C:/Users/anjup/.m2/repository/io/grpc/grpc-netty-shaded/1.15.1/grpc-core-1.15.1.jar,file:/C:/Users/anjup/.m2/repository/io/grpc/grpc-netty-shaded/1.15.1/grpc-context-1.15.1.jar,file:/C:/Users/anjup/.m2/repository/io/grpc/grpc-netty-shaded/1.15.1/gson-2.7.jar,file:/C:/Users/anjup/.m2/repository/io/grpc/grpc-netty-shaded/1.15.1/guava-20.0.jar,file:/C:/Users/anjup/.m2/repository/io/grpc/grpc-netty-shaded/1.15.1/opencensus-contrib-grpc-metrics-0.12.3.jar,file:/C:/Users/anjup/.m2/repository/io/grpc/grpc-netty-shaded/1.15.1/opencensus-api-0.12.3.jar,file:/C:/Users/anjup/.m2/repository/io/grpc/grpc-netty-shaded/1.15.1/error_prone_annotations-2.2.0.jar,file:/C:/Users/anjup/.m2/repository/io/grpc/grpc-netty-shaded/1.15.1/jsr305-3.0.0.jar,file:/C:/Users/anjup/.m2/repository/io/grpc/grpc-netty-shaded/1.15.1/animal-sniffer-annotations-1.17.jar
""2025-01-08 16:07:25 [restartedMain] INFO  o.s.b.d.e.DevToolsPropertyDefaultsPostProcessor - Devtools property defaults active! Set 'spring.devtools.add-properties' to 'false' to disable
""2025-01-08 16:07:25 [restartedMain] INFO  o.s.b.d.e.DevToolsPropertyDefaultsPostProcessor - For additional web related logging consider setting the 'logging.level.web' property to 'DEBUG'
""2025-01-08 16:07:26 [restartedMain] INFO  o.s.b.w.e.tomcat.TomcatWebServer - Tomcat initialized with port(s): 9057 (http)
""2025-01-08 16:07:26 [restartedMain] INFO  o.a.catalina.core.StandardService - Starting service [Tomcat]
""2025-01-08 16:07:26 [restartedMain] INFO  o.a.catalina.core.StandardEngine - Starting Servlet engine: [Apache Tomcat/9.0.65]
""2025-01-08 16:07:26 [restartedMain] INFO  o.a.c.c.C.[Tomcat].[localhost].[/] - Initializing Spring embedded WebApplicationContext
""2025-01-08 16:07:26 [restartedMain] INFO  o.s.b.w.s.c.ServletWebServerApplicationContext - Root WebApplicationContext: initialization completed in 1092 ms
""2025-01-08 16:07:26 [restartedMain] WARN  o.s.b.d.a.OptionalLiveReloadServer - Unable to start LiveReload server
""2025-01-08 16:07:26 [restartedMain] INFO  o.s.b.w.e.tomcat.TomcatWebServer - Tomcat started on port(s): 9057 (http) with context path ''
""2025-01-08 16:07:26 [restartedMain] INFO  c.a.d.SpringBootMicroservice2Application - Started SpringBootMicroservice2Application in 2.397 seconds (JVM running for 3.448)
""2025-01-08 16:08:30 [http-nio-9057-exec-2] INFO  o.a.c.c.C.[Tomcat].[localhost].[/] - Initializing Spring DispatcherServlet 'dispatcherServlet'
""2025-01-08 16:08:30 [http-nio-9057-exec-2] INFO  o.s.web.servlet.DispatcherServlet - Initializing Servlet 'dispatcherServlet'
""2025-01-08 16:08:30 [http-nio-9057-exec-2] INFO  o.s.web.servlet.DispatcherServlet - Completed initialization in 1 ms
""2025-01-08 16:08:30 [http-nio-9057-exec-2] INFO  c.a.d.c.GrpcControllerMicroClient - Check for an Employee requested, empId ->5
""2025-01-08 16:08:36 [http-nio-9057-exec-3] INFO  c.a.d.c.GrpcControllerMicroClient - Check for an Employee requested, empId ->2
""2025-01-08 16:08:37 [grpc-default-executor-0] INFO  c.a.d.c.GrpcControllerMicroClient - Error happened in processing the request...
""2025-01-08 16:09:43 [http-nio-9057-exec-5] INFO  c.a.d.c.GrpcControllerMicroClient - All Employee detail requested
""2025-01-08 16:09:56 [http-nio-9057-exec-7] INFO  c.a.d.c.GrpcControllerMicroClient - Check for an Employee requested, empId ->2
""2025-01-08 16:09:56 [grpc-default-executor-1] INFO  c.a.d.c.GrpcControllerMicroClient - Error happened in processing the request...
""2025-01-08 16:10:00 [http-nio-9057-exec-8] INFO  c.a.d.c.GrpcControllerMicroClient - Check for an Employee requested, empId ->3
""2025-01-08 16:10:14 [http-nio-9057-exec-9] INFO  c.a.d.c.GrpcControllerMicroClient - Check for an Employee requested, empId ->3
""2025-01-08 16:10:59 [http-nio-9057-exec-2] INFO  c.a.d.c.GrpcControllerMicroClient - Check for an Employee requested, empId ->3
""2025-01-08 16:11:07 [http-nio-9057-exec-6] INFO  c.a.d.c.GrpcControllerMicroClient - Check for an Employee requested, empId ->1
""2025-01-08 16:11:07 [grpc-default-executor-1] INFO  c.a.d.c.GrpcControllerMicroClient - Error happened in processing the request...
""2025-01-08 18:02:20 [File Watcher] INFO  o.s.b.d.a.LocalDevToolsAutoConfiguration$RestartingClassPathChangeChangedEventListener - Restarting due to 3 class path changes (1 addition, 0 deletions, 2 modifications)
""2025-01-08 18:02:20 [Thread-1] INFO  o.a.catalina.core.StandardService - Stopping service [Tomcat]
""2025-01-08 18:02:20 [Thread-1] INFO  o.a.c.c.C.[Tomcat].[localhost].[/] - Destroying Spring FrameworkServlet 'dispatcherServlet'
""2025-01-08 18:02:20 [Thread-1] WARN  o.a.c.loader.WebappClassLoaderBase - The web application [ROOT] appears to have started a thread named [grpc-default-worker-ELG-1-1] but has failed to stop it. This is very likely to create a memory leak. Stack trace of thread:
 java.base@14.0.2/sun.nio.ch.WindowsSelectorImpl$SubSelector.poll0(Native Method)
 java.base@14.0.2/sun.nio.ch.WindowsSelectorImpl$SubSelector.poll(WindowsSelectorImpl.java:357)
 java.base@14.0.2/sun.nio.ch.WindowsSelectorImpl.doSelect(WindowsSelectorImpl.java:182)
 java.base@14.0.2/sun.nio.ch.SelectorImpl.lockAndDoSelect(SelectorImpl.java:129)
 java.base@14.0.2/sun.nio.ch.SelectorImpl.select(SelectorImpl.java:141)
 app//io.grpc.netty.shaded.io.netty.channel.nio.NioEventLoop.select(NioEventLoop.java:755)
 app//io.grpc.netty.shaded.io.netty.channel.nio.NioEventLoop.run(NioEventLoop.java:410)
 app//io.grpc.netty.shaded.io.netty.util.concurrent.SingleThreadEventExecutor$5.run(SingleThreadEventExecutor.java:884)
 app//io.grpc.netty.shaded.io.netty.util.concurrent.FastThreadLocalRunnable.run(FastThreadLocalRunnable.java:30)
 java.base@14.0.2/java.lang.Thread.run(Thread.java:832)
""2025-01-08 18:02:20 [Thread-1] WARN  o.a.c.loader.WebappClassLoaderBase - The web application [ROOT] appears to have started a thread named [grpc-default-worker-ELG-1-2] but has failed to stop it. This is very likely to create a memory leak. Stack trace of thread:
 java.base@14.0.2/sun.nio.ch.WindowsSelectorImpl$SubSelector.poll0(Native Method)
 java.base@14.0.2/sun.nio.ch.WindowsSelectorImpl$SubSelector.poll(WindowsSelectorImpl.java:357)
 java.base@14.0.2/sun.nio.ch.WindowsSelectorImpl.doSelect(WindowsSelectorImpl.java:182)
 java.base@14.0.2/sun.nio.ch.SelectorImpl.lockAndDoSelect(SelectorImpl.java:129)
 java.base@14.0.2/sun.nio.ch.SelectorImpl.select(SelectorImpl.java:141)
 app//io.grpc.netty.shaded.io.netty.channel.nio.NioEventLoop.select(NioEventLoop.java:755)
 app//io.grpc.netty.shaded.io.netty.channel.nio.NioEventLoop.run(NioEventLoop.java:410)
 app//io.grpc.netty.shaded.io.netty.util.concurrent.SingleThreadEventExecutor$5.run(SingleThreadEventExecutor.java:884)
 app//io.grpc.netty.shaded.io.netty.util.concurrent.FastThreadLocalRunnable.run(FastThreadLocalRunnable.java:30)
 java.base@14.0.2/java.lang.Thread.run(Thread.java:832)
""2025-01-08 18:02:20 [Thread-1] WARN  o.a.c.loader.WebappClassLoaderBase - The web application [ROOT] appears to have started a thread named [grpc-default-worker-ELG-1-3] but has failed to stop it. This is very likely to create a memory leak. Stack trace of thread:
 java.base@14.0.2/sun.nio.ch.WindowsSelectorImpl$SubSelector.poll0(Native Method)
 java.base@14.0.2/sun.nio.ch.WindowsSelectorImpl$SubSelector.poll(WindowsSelectorImpl.java:357)
 java.base@14.0.2/sun.nio.ch.WindowsSelectorImpl.doSelect(WindowsSelectorImpl.java:182)
 java.base@14.0.2/sun.nio.ch.SelectorImpl.lockAndDoSelect(SelectorImpl.java:129)
 java.base@14.0.2/sun.nio.ch.SelectorImpl.select(SelectorImpl.java:141)
 app//io.grpc.netty.shaded.io.netty.channel.nio.NioEventLoop.select(NioEventLoop.java:755)
 app//io.grpc.netty.shaded.io.netty.channel.nio.NioEventLoop.run(NioEventLoop.java:410)
 app//io.grpc.netty.shaded.io.netty.util.concurrent.SingleThreadEventExecutor$5.run(SingleThreadEventExecutor.java:884)
 app//io.grpc.netty.shaded.io.netty.util.concurrent.FastThreadLocalRunnable.run(FastThreadLocalRunnable.java:30)
 java.base@14.0.2/java.lang.Thread.run(Thread.java:832)
""2025-01-08 18:02:20 [Thread-1] WARN  o.a.c.loader.WebappClassLoaderBase - The web application [ROOT] appears to have started a thread named [grpc-default-worker-ELG-1-4] but has failed to stop it. This is very likely to create a memory leak. Stack trace of thread:
 java.base@14.0.2/sun.nio.ch.WindowsSelectorImpl$SubSelector.poll0(Native Method)
 java.base@14.0.2/sun.nio.ch.WindowsSelectorImpl$SubSelector.poll(WindowsSelectorImpl.java:357)
 java.base@14.0.2/sun.nio.ch.WindowsSelectorImpl.doSelect(WindowsSelectorImpl.java:182)
 java.base@14.0.2/sun.nio.ch.SelectorImpl.lockAndDoSelect(SelectorImpl.java:129)
 java.base@14.0.2/sun.nio.ch.SelectorImpl.select(SelectorImpl.java:141)
 app//io.grpc.netty.shaded.io.netty.channel.nio.NioEventLoop.select(NioEventLoop.java:755)
 app//io.grpc.netty.shaded.io.netty.channel.nio.NioEventLoop.run(NioEventLoop.java:410)
 app//io.grpc.netty.shaded.io.netty.util.concurrent.SingleThreadEventExecutor$5.run(SingleThreadEventExecutor.java:884)
 app//io.grpc.netty.shaded.io.netty.util.concurrent.FastThreadLocalRunnable.run(FastThreadLocalRunnable.java:30)
 java.base@14.0.2/java.lang.Thread.run(Thread.java:832)
""2025-01-08 18:02:21 [restartedMain] INFO  c.a.d.SpringBootMicroservice2Application - Starting SpringBootMicroservice2Application using Java 14.0.2 on LAPTOP-DVQ4P7BL with PID 20488 (D:\STS_workspace\SpringBootMicroservice-Client\target\classes started by anjup in D:\STS_workspace\SpringBootMicroservice-Client)
""2025-01-08 18:02:21 [restartedMain] INFO  c.a.d.SpringBootMicroservice2Application - No active profile set, falling back to 1 default profile: "default"
""2025-01-08 18:02:22 [restartedMain] INFO  o.s.b.w.e.tomcat.TomcatWebServer - Tomcat initialized with port(s): 9057 (http)
""2025-01-08 18:02:22 [restartedMain] INFO  o.a.catalina.core.StandardService - Starting service [Tomcat]
""2025-01-08 18:02:22 [restartedMain] INFO  o.a.catalina.core.StandardEngine - Starting Servlet engine: [Apache Tomcat/9.0.65]
""2025-01-08 18:02:22 [restartedMain] INFO  o.a.c.c.C.[Tomcat].[localhost].[/] - Initializing Spring embedded WebApplicationContext
""2025-01-08 18:02:22 [restartedMain] INFO  o.s.b.w.s.c.ServletWebServerApplicationContext - Root WebApplicationContext: initialization completed in 994 ms
""2025-01-08 18:02:22 [restartedMain] ERROR i.g.i.ManagedChannelOrphanWrapper - *~*~*~ Channel ManagedChannelImpl{logId=1, target=localhost:9058} was not shutdown properly!!! ~*~*~*
    Make sure to call shutdown()/shutdownNow() and wait until awaitTermination() returns true.
""2025-01-08 18:02:22 [restartedMain] WARN  o.s.b.d.a.OptionalLiveReloadServer - Unable to start LiveReload server
""2025-01-08 18:02:22 [restartedMain] INFO  o.s.b.w.e.tomcat.TomcatWebServer - Tomcat started on port(s): 9057 (http) with context path ''
""2025-01-08 18:02:22 [restartedMain] INFO  c.a.d.SpringBootMicroservice2Application - Started SpringBootMicroservice2Application in 1.322 seconds (JVM running for 6899.218)
""2025-01-08 18:02:22 [restartedMain] INFO  o.s.b.d.a.ConditionEvaluationDeltaLoggingListener - Condition evaluation unchanged
""2025-01-08 18:08:56 [File Watcher] INFO  o.s.b.d.a.LocalDevToolsAutoConfiguration$RestartingClassPathChangeChangedEventListener - Restarting due to 3 class path changes (0 additions, 1 deletion, 2 modifications)
""2025-01-08 18:08:56 [Thread-5] INFO  o.a.catalina.core.StandardService - Stopping service [Tomcat]
""2025-01-08 18:08:57 [restartedMain] INFO  c.a.d.SpringBootMicroservice2Application - Starting SpringBootMicroservice2Application using Java 14.0.2 on LAPTOP-DVQ4P7BL with PID 20488 (D:\STS_workspace\SpringBootMicroservice-Client\target\classes started by anjup in D:\STS_workspace\SpringBootMicroservice-Client)
""2025-01-08 18:08:57 [restartedMain] INFO  c.a.d.SpringBootMicroservice2Application - No active profile set, falling back to 1 default profile: "default"
""2025-01-08 18:08:58 [restartedMain] INFO  o.s.b.w.e.tomcat.TomcatWebServer - Tomcat initialized with port(s): 9057 (http)
""2025-01-08 18:08:58 [restartedMain] INFO  o.a.catalina.core.StandardService - Starting service [Tomcat]
""2025-01-08 18:08:58 [restartedMain] INFO  o.a.catalina.core.StandardEngine - Starting Servlet engine: [Apache Tomcat/9.0.65]
""2025-01-08 18:08:58 [restartedMain] INFO  o.a.c.c.C.[Tomcat].[localhost].[/] - Initializing Spring embedded WebApplicationContext
""2025-01-08 18:08:58 [restartedMain] INFO  o.s.b.w.s.c.ServletWebServerApplicationContext - Root WebApplicationContext: initialization completed in 1112 ms
""2025-01-08 18:08:58 [restartedMain] ERROR i.g.i.ManagedChannelOrphanWrapper - *~*~*~ Channel ManagedChannelImpl{logId=5, target=localhost:9058} was not shutdown properly!!! ~*~*~*
    Make sure to call shutdown()/shutdownNow() and wait until awaitTermination() returns true.
"java.lang.RuntimeException: ManagedChannel allocation site
	at io.grpc.internal.ManagedChannelOrphanWrapper$ManagedChannelReference.<init>(ManagedChannelOrphanWrapper.java:103) ~[grpc-core-1.15.1.jar:1.15.1]
	at io.grpc.internal.ManagedChannelOrphanWrapper.<init>(ManagedChannelOrphanWrapper.java:53) ~[grpc-core-1.15.1.jar:1.15.1]
	at io.grpc.internal.ManagedChannelOrphanWrapper.<init>(ManagedChannelOrphanWrapper.java:44) ~[grpc-core-1.15.1.jar:1.15.1]
	at io.grpc.internal.AbstractManagedChannelImplBuilder.build(AbstractManagedChannelImplBuilder.java:410) ~[grpc-core-1.15.1.jar:1.15.1]
	at com.anju.demo.controller.GrpcControllerMicroClient.<init>(GrpcControllerMicroClient.java:46) ~[classes/:na]
	at java.base/jdk.internal.reflect.NativeConstructorAccessorImpl.newInstance0(Native Method) ~[na:na]
	at java.base/jdk.internal.reflect.NativeConstructorAccessorImpl.newInstance(NativeConstructorAccessorImpl.java:62) ~[na:na]
	at java.base/jdk.internal.reflect.DelegatingConstructorAccessorImpl.newInstance(DelegatingConstructorAccessorImpl.java:45) ~[na:na]
	at java.base/java.lang.reflect.Constructor.newInstanceWithCaller(Constructor.java:500) ~[na:na]
	at java.base/java.lang.reflect.Constructor.newInstance(Constructor.java:481) ~[na:na]
	at org.springframework.beans.BeanUtils.instantiateClass(BeanUtils.java:211) ~[spring-beans-5.3.22.jar:5.3.22]
	at org.springframework.beans.factory.support.SimpleInstantiationStrategy.instantiate(SimpleInstantiationStrategy.java:87) ~[spring-beans-5.3.22.jar:5.3.22]
	at org.springframework.beans.factory.support.AbstractAutowireCapableBeanFactory.instantiateBean(AbstractAutowireCapableBeanFactory.java:1326) ~[spring-beans-5.3.22.jar:5.3.22]
	at org.springframework.beans.factory.support.AbstractAutowireCapableBeanFactory.createBeanInstance(AbstractAutowireCapableBeanFactory.java:1232) ~[spring-beans-5.3.22.jar:5.3.22]
	at org.springframework.beans.factory.support.AbstractAutowireCapableBeanFactory.doCreateBean(AbstractAutowireCapableBeanFactory.java:582) ~[spring-beans-5.3.22.jar:5.3.22]
	at org.springframework.beans.factory.support.AbstractAutowireCapableBeanFactory.createBean(AbstractAutowireCapableBeanFactory.java:542) ~[spring-beans-5.3.22.jar:5.3.22]
	at org.springframework.beans.factory.support.AbstractBeanFactory.lambda$doGetBean$0(AbstractBeanFactory.java:335) ~[spring-beans-5.3.22.jar:5.3.22]
	at org.springframework.beans.factory.support.DefaultSingletonBeanRegistry.getSingleton(DefaultSingletonBeanRegistry.java:234) ~[spring-beans-5.3.22.jar:5.3.22]
	at org.springframework.beans.factory.support.AbstractBeanFactory.doGetBean(AbstractBeanFactory.java:333) ~[spring-beans-5.3.22.jar:5.3.22]
	at org.springframework.beans.factory.support.AbstractBeanFactory.getBean(AbstractBeanFactory.java:208) ~[spring-beans-5.3.22.jar:5.3.22]
	at org.springframework.beans.factory.support.DefaultListableBeanFactory.preInstantiateSingletons(DefaultListableBeanFactory.java:955) ~[spring-beans-5.3.22.jar:5.3.22]
	at org.springframework.context.support.AbstractApplicationContext.finishBeanFactoryInitialization(AbstractApplicationContext.java:918) ~[spring-context-5.3.22.jar:5.3.22]
	at org.springframework.context.support.AbstractApplicationContext.refresh(AbstractApplicationContext.java:583) ~[spring-context-5.3.22.jar:5.3.22]
	at org.springframework.boot.web.servlet.context.ServletWebServerApplicationContext.refresh(ServletWebServerApplicationContext.java:147) ~[spring-boot-2.7.3.jar:2.7.3]
	at org.springframework.boot.SpringApplication.refresh(SpringApplication.java:734) ~[spring-boot-2.7.3.jar:2.7.3]
	at org.springframework.boot.SpringApplication.refreshContext(SpringApplication.java:408) ~[spring-boot-2.7.3.jar:2.7.3]
	at org.springframework.boot.SpringApplication.run(SpringApplication.java:308) ~[spring-boot-2.7.3.jar:2.7.3]
	at org.springframework.boot.SpringApplication.run(SpringApplication.java:1306) ~[spring-boot-2.7.3.jar:2.7.3]
	at org.springframework.boot.SpringApplication.run(SpringApplication.java:1295) ~[spring-boot-2.7.3.jar:2.7.3]
	at com.anju.demo.SpringBootMicroservice2Application.main(SpringBootMicroservice2Application.java:11) ~[classes/:na]
	at java.base/jdk.internal.reflect.NativeMethodAccessorImpl.invoke0(Native Method) ~[na:na]
	at java.base/jdk.internal.reflect.NativeMethodAccessorImpl.invoke(NativeMethodAccessorImpl.java:62) ~[na:na]
	at java.base/jdk.internal.reflect.DelegatingMethodAccessorImpl.invoke(DelegatingMethodAccessorImpl.java:43) ~[na:na]
	at java.base/java.lang.reflect.Method.invoke(Method.java:564) ~[na:na]
	at org.springframework.boot.devtools.restart.RestartLauncher.run(RestartLauncher.java:49) ~[spring-boot-devtools-2.7.3.jar:2.7.3]
"2025-01-08 18:08:58 [restartedMain] WARN  o.s.b.d.a.OptionalLiveReloadServer - Unable to start LiveReload server
""2025-01-08 18:08:58 [restartedMain] INFO  o.s.b.w.e.tomcat.TomcatWebServer - Tomcat started on port(s): 9057 (http) with context path ''
""2025-01-08 18:08:58 [restartedMain] INFO  c.a.d.SpringBootMicroservice2Application - Started SpringBootMicroservice2Application in 1.568 seconds (JVM running for 7295.156)
""2025-01-08 18:08:58 [restartedMain] INFO  o.s.b.d.a.ConditionEvaluationDeltaLoggingListener - Condition evaluation unchanged
""2025-01-08 18:09:34 [RMI TCP Connection(125)-127.0.0.1] INFO  o.s.b.a.SpringApplicationAdminMXBeanRegistrar$SpringApplicationAdmin - Application shutdown requested.
""2025-01-08 18:09:34 [RMI TCP Connection(125)-127.0.0.1] INFO  o.a.catalina.core.StandardService - Stopping service [Tomcat]
"